<?xml version="1.0" encoding="UTF-8"?>
<testng-results skipped="0" failed="0" ignored="0" total="1" passed="1">
  <reporter-output>
  </reporter-output>
  <suite name="SeleniumIntegration.NewTest" duration-ms="17202" started-at="2019-10-28T08:32:13Z" finished-at="2019-10-28T08:32:30Z">
    <groups>
    </groups>
    <test name="Command line test" duration-ms="17202" started-at="2019-10-28T08:32:13Z" finished-at="2019-10-28T08:32:30Z">
      <class name="SeleniumIntegration.NewTest">
        <test-method status="PASS" signature="launchBrowser()[pri:0, instance:SeleniumIntegration.NewTest@566776ad]" name="launchBrowser" is-config="true" duration-ms="16955" started-at="2019-10-28T08:32:13Z" finished-at="2019-10-28T08:32:30Z">
          <reporter-output>
          </reporter-output>
        </test-method> <!-- launchBrowser -->
        <test-method status="PASS" signature="verifyHomepageTitle()[pri:0, instance:SeleniumIntegration.NewTest@566776ad]" name="verifyHomepageTitle" duration-ms="7" started-at="2019-10-28T08:32:30Z" finished-at="2019-10-28T08:32:30Z">
          <reporter-output>
          </reporter-output>
        </test-method> <!-- verifyHomepageTitle -->
        <test-method status="PASS" signature="terminateBrowser()[pri:0, instance:SeleniumIntegration.NewTest@566776ad]" name="terminateBrowser" is-config="true" duration-ms="180" started-at="2019-10-28T08:32:30Z" finished-at="2019-10-28T08:32:30Z">
          <reporter-output>
          </reporter-output>
        </test-method> <!-- terminateBrowser -->
      </class> <!-- SeleniumIntegration.NewTest -->
    </test> <!-- Command line test -->
  </suite> <!-- SeleniumIntegration.NewTest -->
</testng-results>
