<?xml version="1.0" encoding="UTF-8"?>
<testng-results skipped="0" failed="0" ignored="0" total="1" passed="1">
  <reporter-output>
  </reporter-output>
  <suite name="Suite" duration-ms="11924" started-at="2019-10-25T12:39:05Z" finished-at="2019-10-25T12:39:17Z">
    <groups>
    </groups>
    <test name="Test" duration-ms="11924" started-at="2019-10-25T12:39:05Z" finished-at="2019-10-25T12:39:17Z">
      <class name="SeleniumIntegration.NewTest">
        <test-method status="PASS" signature="launchBrowser()[pri:0, instance:SeleniumIntegration.NewTest@224edc67]" name="launchBrowser" is-config="true" duration-ms="11620" started-at="2019-10-25T12:39:05Z" finished-at="2019-10-25T12:39:17Z">
          <reporter-output>
          </reporter-output>
        </test-method> <!-- launchBrowser -->
        <test-method status="PASS" signature="verifyHomepageTitle()[pri:0, instance:SeleniumIntegration.NewTest@224edc67]" name="verifyHomepageTitle" duration-ms="12" started-at="2019-10-25T12:39:17Z" finished-at="2019-10-25T12:39:17Z">
          <reporter-output>
          </reporter-output>
        </test-method> <!-- verifyHomepageTitle -->
        <test-method status="PASS" signature="terminateBrowser()[pri:0, instance:SeleniumIntegration.NewTest@224edc67]" name="terminateBrowser" is-config="true" duration-ms="278" started-at="2019-10-25T12:39:17Z" finished-at="2019-10-25T12:39:17Z">
          <reporter-output>
          </reporter-output>
        </test-method> <!-- terminateBrowser -->
      </class> <!-- SeleniumIntegration.NewTest -->
    </test> <!-- Test -->
  </suite> <!-- Suite -->
</testng-results>
